{"/Users/veksen/Projects/monorepo-boilerplate/packages/ui/src/card.tsx": {"path":"/Users/veksen/Projects/monorepo-boilerplate/packages/ui/src/card.tsx","statementMap":{"0":{"start":{"line":12,"column":2},"end":{"line":28,"column":null}}},"fnMap":{"0":{"name":"Card","decl":{"start":{"line":3,"column":16},"end":{"line":3,"column":21}},"loc":{"start":{"line":11,"column":3},"end":{"line":30,"column":null}}}},"branchMap":{},"s":{"0":2},"f":{"0":2},"b":{}}
,"/Users/veksen/Projects/monorepo-boilerplate/packages/ui/src/gradient.tsx": {"path":"/Users/veksen/Projects/monorepo-boilerplate/packages/ui/src/gradient.tsx","statementMap":{"0":{"start":{"line":10,"column":2},"end":{"line":19,"column":null}}},"fnMap":{"0":{"name":"Gradient","decl":{"start":{"line":1,"column":16},"end":{"line":1,"column":25}},"loc":{"start":{"line":9,"column":3},"end":{"line":21,"column":null}}}},"branchMap":{"0":{"loc":{"start":{"line":13,"column":8},"end":{"line":13,"column":null}},"type":"cond-expr","locations":[{"start":{"line":13,"column":16},"end":{"line":13,"column":35}},{"start":{"line":13,"column":35},"end":{"line":13,"column":null}}]},"1":{"loc":{"start":{"line":15,"column":8},"end":{"line":17,"column":null}},"type":"cond-expr","locations":[{"start":{"line":16,"column":12},"end":{"line":16,"column":null}},{"start":{"line":17,"column":12},"end":{"line":17,"column":null}}]},"2":{"loc":{"start":{"line":18,"column":10},"end":{"line":18,"column":25}},"type":"binary-expr","locations":[{"start":{"line":18,"column":10},"end":{"line":18,"column":23}},{"start":{"line":18,"column":23},"end":{"line":18,"column":25}}]}},"s":{"0":0},"f":{"0":0},"b":{"0":[0,0],"1":[0,0],"2":[0,0]}}
,"/Users/veksen/Projects/monorepo-boilerplate/packages/ui/src/turborepo-logo.tsx": {"path":"/Users/veksen/Projects/monorepo-boilerplate/packages/ui/src/turborepo-logo.tsx","statementMap":{"0":{"start":{"line":1,"column":29},"end":{"line":35,"column":null}},"1":{"start":{"line":2,"column":2},"end":{"line":33,"column":null}}},"fnMap":{"0":{"name":"(anonymous_0)","decl":{"start":{"line":1,"column":29},"end":{"line":1,"column":35}},"loc":{"start":{"line":1,"column":35},"end":{"line":35,"column":null}}}},"branchMap":{},"s":{"0":0,"1":0},"f":{"0":0},"b":{}}
}
